<?xml version="1.0" encoding="UTF-8"?>
<!-- Generated by org.testng.reporters.JUnitXMLReporter -->
<testsuite ignored="0" hostname="DVTL8HM6GS1" failures="1" tests="7" name="Home Loans" time="0.243" errors="0" timestamp="2021-10-28T11:39:14 SAST">
  <testcase classname="Loans.HomeLoans" name="firstTest" time="0.01"/>
  <testcase classname="Loans.HomeLoans" name="homeLoanFraud" time="0.005">
    <failure type="java.lang.AssertionError" message="expected [true] but found [false]">
      <![CDATA[java.lang.AssertionError: expected [true] but found [false]
at Loans.HomeLoans.homeLoanFraud(HomeLoans.java:21)
at java.base/java.util.ArrayList.forEach(ArrayList.java:1511)
... Removed 35 stack frames]]>
    </failure>
  </testcase> <!-- homeLoanFraud -->
  <testcase classname="Loans.HomeLoans" name="secondTest" time="0.001"/>
  <testcase classname="Loans.Homeloans2" name="fourthTest" time="0.001"/>
  <testcase classname="Loans.Homeloans2" name="home2LoanFraud" time="0.0"/>
  <testcase classname="Loans.Homeloans2" name="propertFraud" time="0.0"/>
  <testcase classname="Loans.Homeloans2" name="thirdTest" time="0.006"/>
</testsuite> <!-- Home Loans -->
